<?xml version="1.0" encoding="UTF-8"?>
<!-- Generated by org.testng.reporters.JUnitXMLReporter -->
<testsuite ignored="0" hostname="LTIN458543" failures="0" tests="3" name="Test" time="67.619" errors="0" timestamp="2024-10-03T01:37:23 IST">
  <testcase classname="testCases.TC_001_ListOfCarWashingServices" name="topFiveCarWashingCenter" time="15.811"/>
  <testcase classname="testCases.TC_002_ListWithInvalidDataAndRetriveErrorMsg" name="errorMsgForInvalidData" time="8.806"/>
  <testcase classname="testCases.TC_003_RetriveAllGymServicesFilters" name="retriveFilters" time="9.471"/>
</testsuite> <!-- Test -->
