<?xml version="1.0" encoding="UTF-8"?>
<testng-results ignored="0" total="3" passed="3" failed="0" skipped="0">
  <reporter-output>
  </reporter-output>
  <suite started-at="2024-10-03T01:36:15 IST" name="Suite" finished-at="2024-10-03T01:37:23 IST" duration-ms="67619">
    <groups>
    </groups>
    <test started-at="2024-10-03T01:36:15 IST" name="Test" finished-at="2024-10-03T01:37:23 IST" duration-ms="67619">
      <class name="testCases.TC_003_RetriveAllGymServicesFilters">
        <test-method is-config="true" signature="setup(java.lang.String,java.lang.String)[pri:0, instance:testCases.TC_003_RetriveAllGymServicesFilters@4f18837a]" started-at="2024-10-03T01:37:03 IST" name="setup" finished-at="2024-10-03T01:37:10 IST" duration-ms="7022" status="PASS">
          <params>
            <param index="0">
              <value>
                <![CDATA[Windows]]>
              </value>
            </param>
            <param index="1">
              <value>
                <![CDATA[chrome]]>
              </value>
            </param>
          </params>
          <reporter-output>
          </reporter-output>
        </test-method> <!-- setup -->
        <test-method signature="retriveFilters()[pri:0, instance:testCases.TC_003_RetriveAllGymServicesFilters@4f18837a]" started-at="2024-10-03T01:37:10 IST" name="retriveFilters" finished-at="2024-10-03T01:37:19 IST" duration-ms="9471" status="PASS">
          <reporter-output>
          </reporter-output>
        </test-method> <!-- retriveFilters -->
        <test-method is-config="true" signature="tearDown()[pri:0, instance:testCases.TC_003_RetriveAllGymServicesFilters@4f18837a]" started-at="2024-10-03T01:37:19 IST" name="tearDown" finished-at="2024-10-03T01:37:23 IST" duration-ms="3308" status="PASS">
          <reporter-output>
          </reporter-output>
        </test-method> <!-- tearDown -->
      </class> <!-- testCases.TC_003_RetriveAllGymServicesFilters -->
      <class name="testCases.TC_001_ListOfCarWashingServices">
        <test-method is-config="true" signature="setup(java.lang.String,java.lang.String)[pri:0, instance:testCases.TC_001_ListOfCarWashingServices@3bb9a3ff]" started-at="2024-10-03T01:36:15 IST" name="setup" finished-at="2024-10-03T01:36:22 IST" duration-ms="6731" status="PASS">
          <params>
            <param index="0">
              <value>
                <![CDATA[Windows]]>
              </value>
            </param>
            <param index="1">
              <value>
                <![CDATA[chrome]]>
              </value>
            </param>
          </params>
          <reporter-output>
          </reporter-output>
        </test-method> <!-- setup -->
        <test-method signature="topFiveCarWashingCenter()[pri:0, instance:testCases.TC_001_ListOfCarWashingServices@3bb9a3ff]" started-at="2024-10-03T01:36:22 IST" name="topFiveCarWashingCenter" finished-at="2024-10-03T01:36:38 IST" duration-ms="15811" status="PASS">
          <reporter-output>
          </reporter-output>
        </test-method> <!-- topFiveCarWashingCenter -->
        <test-method is-config="true" signature="tearDown()[pri:0, instance:testCases.TC_001_ListOfCarWashingServices@3bb9a3ff]" started-at="2024-10-03T01:36:38 IST" name="tearDown" finished-at="2024-10-03T01:36:41 IST" duration-ms="3638" status="PASS">
          <reporter-output>
          </reporter-output>
        </test-method> <!-- tearDown -->
      </class> <!-- testCases.TC_001_ListOfCarWashingServices -->
      <class name="testCases.TC_002_ListWithInvalidDataAndRetriveErrorMsg">
        <test-method is-config="true" signature="setup(java.lang.String,java.lang.String)[pri:0, instance:testCases.TC_002_ListWithInvalidDataAndRetriveErrorMsg@6356695f]" started-at="2024-10-03T01:36:41 IST" name="setup" finished-at="2024-10-03T01:36:49 IST" duration-ms="7634" status="PASS">
          <params>
            <param index="0">
              <value>
                <![CDATA[Windows]]>
              </value>
            </param>
            <param index="1">
              <value>
                <![CDATA[chrome]]>
              </value>
            </param>
          </params>
          <reporter-output>
          </reporter-output>
        </test-method> <!-- setup -->
        <test-method signature="errorMsgForInvalidData()[pri:0, instance:testCases.TC_002_ListWithInvalidDataAndRetriveErrorMsg@6356695f]" started-at="2024-10-03T01:36:49 IST" name="errorMsgForInvalidData" finished-at="2024-10-03T01:36:58 IST" duration-ms="8806" status="PASS">
          <reporter-output>
          </reporter-output>
        </test-method> <!-- errorMsgForInvalidData -->
        <test-method is-config="true" signature="tearDown()[pri:0, instance:testCases.TC_002_ListWithInvalidDataAndRetriveErrorMsg@6356695f]" started-at="2024-10-03T01:36:58 IST" name="tearDown" finished-at="2024-10-03T01:37:03 IST" duration-ms="5160" status="PASS">
          <reporter-output>
          </reporter-output>
        </test-method> <!-- tearDown -->
      </class> <!-- testCases.TC_002_ListWithInvalidDataAndRetriveErrorMsg -->
    </test> <!-- Test -->
  </suite> <!-- Suite -->
</testng-results>
