<?xml version="1.0" encoding="UTF-8"?>
<testng-results ignored="0" total="3" passed="3" failed="0" skipped="0">
  <reporter-output>
  </reporter-output>
  <suite started-at="2024-10-23T17:40:01 IST" name="Suite" finished-at="2024-10-23T17:41:01 IST" duration-ms="60065">
    <groups>
    </groups>
    <test started-at="2024-10-23T17:40:01 IST" name="Test1" finished-at="2024-10-23T17:41:01 IST" duration-ms="60065">
      <class name="testCases.TC_003_RetriveAllGymServicesFilters">
        <test-method is-config="true" signature="setup(java.lang.String,java.lang.String)[pri:0, instance:testCases.TC_003_RetriveAllGymServicesFilters@359f7cdf]" started-at="2024-10-23T17:40:45 IST" name="setup" finished-at="2024-10-23T17:40:51 IST" duration-ms="5546" status="PASS">
          <params>
            <param index="0">
              <value>
                <![CDATA[Windows]]>
              </value>
            </param>
            <param index="1">
              <value>
                <![CDATA[chrome]]>
              </value>
            </param>
          </params>
          <reporter-output>
          </reporter-output>
        </test-method> <!-- setup -->
        <test-method signature="retriveFilters()[pri:0, instance:testCases.TC_003_RetriveAllGymServicesFilters@359f7cdf]" started-at="2024-10-23T17:40:51 IST" name="retriveFilters" finished-at="2024-10-23T17:40:58 IST" duration-ms="7788" status="PASS">
          <reporter-output>
          </reporter-output>
        </test-method> <!-- retriveFilters -->
        <test-method is-config="true" signature="tearDown()[pri:0, instance:testCases.TC_003_RetriveAllGymServicesFilters@359f7cdf]" started-at="2024-10-23T17:40:58 IST" name="tearDown" finished-at="2024-10-23T17:41:01 IST" duration-ms="2516" status="PASS">
          <reporter-output>
          </reporter-output>
        </test-method> <!-- tearDown -->
      </class> <!-- testCases.TC_003_RetriveAllGymServicesFilters -->
      <class name="testCases.TC_001_ListOfCarWashingServices">
        <test-method is-config="true" signature="setup(java.lang.String,java.lang.String)[pri:0, instance:testCases.TC_001_ListOfCarWashingServices@661972b0]" started-at="2024-10-23T17:40:01 IST" name="setup" finished-at="2024-10-23T17:40:08 IST" duration-ms="6736" status="PASS">
          <params>
            <param index="0">
              <value>
                <![CDATA[Windows]]>
              </value>
            </param>
            <param index="1">
              <value>
                <![CDATA[chrome]]>
              </value>
            </param>
          </params>
          <reporter-output>
          </reporter-output>
        </test-method> <!-- setup -->
        <test-method signature="topFiveCarWashingCenter()[pri:0, instance:testCases.TC_001_ListOfCarWashingServices@661972b0]" started-at="2024-10-23T17:40:08 IST" name="topFiveCarWashingCenter" finished-at="2024-10-23T17:40:24 IST" duration-ms="16544" status="PASS">
          <reporter-output>
          </reporter-output>
        </test-method> <!-- topFiveCarWashingCenter -->
        <test-method is-config="true" signature="tearDown()[pri:0, instance:testCases.TC_001_ListOfCarWashingServices@661972b0]" started-at="2024-10-23T17:40:24 IST" name="tearDown" finished-at="2024-10-23T17:40:27 IST" duration-ms="2962" status="PASS">
          <reporter-output>
          </reporter-output>
        </test-method> <!-- tearDown -->
      </class> <!-- testCases.TC_001_ListOfCarWashingServices -->
      <class name="testCases.TC_002_ListWithInvalidDataAndRetriveErrorMsg">
        <test-method is-config="true" signature="setup(java.lang.String,java.lang.String)[pri:0, instance:testCases.TC_002_ListWithInvalidDataAndRetriveErrorMsg@4f18837a]" started-at="2024-10-23T17:40:27 IST" name="setup" finished-at="2024-10-23T17:40:33 IST" duration-ms="5223" status="PASS">
          <params>
            <param index="0">
              <value>
                <![CDATA[Windows]]>
              </value>
            </param>
            <param index="1">
              <value>
                <![CDATA[chrome]]>
              </value>
            </param>
          </params>
          <reporter-output>
          </reporter-output>
        </test-method> <!-- setup -->
        <test-method signature="errorMsgForInvalidData()[pri:0, instance:testCases.TC_002_ListWithInvalidDataAndRetriveErrorMsg@4f18837a]" started-at="2024-10-23T17:40:33 IST" name="errorMsgForInvalidData" finished-at="2024-10-23T17:40:41 IST" duration-ms="8284" status="PASS">
          <reporter-output>
          </reporter-output>
        </test-method> <!-- errorMsgForInvalidData -->
        <test-method is-config="true" signature="tearDown()[pri:0, instance:testCases.TC_002_ListWithInvalidDataAndRetriveErrorMsg@4f18837a]" started-at="2024-10-23T17:40:41 IST" name="tearDown" finished-at="2024-10-23T17:40:45 IST" duration-ms="4225" status="PASS">
          <reporter-output>
          </reporter-output>
        </test-method> <!-- tearDown -->
      </class> <!-- testCases.TC_002_ListWithInvalidDataAndRetriveErrorMsg -->
    </test> <!-- Test1 -->
  </suite> <!-- Suite -->
</testng-results>
